<?xml version="1.0" encoding="UTF-8"?>
<!-- Generated by org.testng.reporters.JUnitReportReporter -->
<testsuite hostname="DESKTOP-VJJF4RA" failures="0" tests="1" name="TestNg_Prog.Test1" time="0.015" errors="0" timestamp="2022-03-31T01:42:35 IST" skipped="0">
  <testcase classname="TestNg_Prog.Test1" name="testCase" time="0.015"/>
  <system-out/>
</testsuite> <!-- TestNg_Prog.Test1 -->
